23:36:26 [INFO] ✅ Connecté à news.duckdb local
23:36:26 [INFO] 📥 BBC News (en)...
23:36:32 [INFO] 📥 The Guardian (en)...
23:36:42 [INFO] 📥 Engadget (en)...
23:36:45 [INFO] 📥 TechCrunch (en)...
23:36:48 [INFO] 📥 CNN (en)...
23:37:37 [INFO] 📥 Al Jazeera EN (en)...
23:37:37 [INFO] 📥 NPR (en)...
23:37:38 [INFO] 📥 The Independent (en)...
23:37:41 [INFO] 📥 Vice (en)...
23:37:42 [INFO] 📥 Wired (en)...
23:38:00 [INFO] 📥 Ars Technica (en)...
23:38:13 [INFO] 📥 Le Monde (fr)...
23:38:15 [INFO] 📥 Le Figaro (fr)...
23:38:17 [INFO] 📥 France 24 (fr)...
23:38:18 [INFO] 📥 FranceInfo (fr)...
23:38:20 [INFO] 📥 L'Express (fr)...
23:38:50 [INFO] 📥 Mediapart (fr)...
23:38:50 [INFO] 📥 RFI (fr)...
23:38:52 [INFO] 📥 Courrier Inter. (fr)...
23:38:53 [INFO] 📥 La Croix (fr)...
23:38:56 [INFO] 📥 Slate FR (fr)...
23:38:59 [INFO] 📥 BFM TV (fr)...
23:38:59 [WARNING] readability_lxml failed: 
23:39:00 [WARNING] readability_lxml failed: 
23:39:00 [WARNING] readability_lxml failed: 
23:39:00 [WARNING] readability_lxml failed: 
23:39:00 [WARNING] readability_lxml failed: 
23:39:00 [WARNING] readability_lxml failed: 
23:39:01 [WARNING] readability_lxml failed: 
23:39:01 [WARNING] readability_lxml failed: 
23:39:01 [WARNING] readability_lxml failed: 
23:39:01 [WARNING] readability_lxml failed: 
23:39:02 [WARNING] readability_lxml failed: 
23:39:02 [WARNING] readability_lxml failed: 
23:39:02 [INFO] 📥 HuffPost FR (fr)...
23:39:02 [WARNING] error in JSON metadata extraction: 'NoneType' object has no attribute 'get'
23:39:03 [WARNING] error in JSON metadata extraction: 'list' object has no attribute 'get'
23:39:03 [INFO] 📥 Al Jazeera AR (ar)...
23:39:07 [INFO] 📥 BBC Arabic (ar)...
23:39:11 [INFO] 📥 RT Arabic (ar)...
23:40:27 [INFO] 📥 Hespress (ar)...
23:40:29 [INFO] 📥 Al Quds (ar)...
23:40:34 [INFO] 📥 Asharq Al-Awsat (ar)...
23:42:48 [INFO] 📥 Al-Masry Al-Youm (ar)...
23:42:48 [INFO] 📥 Saudi Gazette (ar)...
23:42:56 [INFO] 📥 Okaz (ar)...
23:43:05 [INFO] 📥 Arab News (ar)...
23:43:05 [WARNING] error in JSON metadata extraction: 'NoneType' object is not iterable
23:43:06 [WARNING] error in JSON metadata extraction: 'NoneType' object is not iterable
23:43:06 [WARNING] error in JSON metadata extraction: 'NoneType' object is not iterable
23:43:06 [WARNING] error in JSON metadata extraction: 'NoneType' object is not iterable
23:43:06 [WARNING] error in JSON metadata extraction: 'NoneType' object is not iterable
23:43:07 [WARNING] error in JSON metadata extraction: 'NoneType' object is not iterable
23:43:07 [WARNING] error in JSON metadata extraction: 'NoneType' object is not iterable
23:43:07 [WARNING] error in JSON metadata extraction: 'NoneType' object is not iterable
23:43:07 [WARNING] error in JSON metadata extraction: 'NoneType' object is not iterable
23:43:07 [WARNING] error in JSON metadata extraction: 'NoneType' object is not iterable
23:43:07 [INFO] 
============================================================
23:43:07 [INFO] ✅ TERMINÉ
23:43:07 [INFO]   Sources         : 33
23:43:07 [INFO]   Articles trouvés: 1364
23:43:07 [INFO]   Publiés auj.    : 126
23:43:07 [INFO]   Insérés en DB   : 126
23:43:07 [INFO]   Skippés         : 1238
23:43:07 [INFO] ============================================================
