00:12:13 [INFO] ✅ Connecté à news.duckdb local
00:12:13 [INFO] 📥 BBC News (en)...
00:12:19 [INFO] 📥 The Guardian (en)...
00:12:29 [INFO] 📥 Engadget (en)...
00:12:31 [INFO] 📥 TechCrunch (en)...
00:12:34 [INFO] 📥 CNN (en)...
00:13:12 [INFO] 📥 Al Jazeera EN (en)...
00:13:13 [INFO] 📥 NPR (en)...
00:13:13 [INFO] 📥 The Independent (en)...
00:13:15 [INFO] 📥 Vice (en)...
00:13:16 [INFO] 📥 Wired (en)...
00:13:33 [INFO] 📥 Ars Technica (en)...
00:13:45 [INFO] 📥 Le Monde (fr)...
00:13:47 [INFO] 📥 Le Figaro (fr)...
00:13:49 [INFO] 📥 France 24 (fr)...
00:13:51 [INFO] 📥 FranceInfo (fr)...
00:13:54 [INFO] 📥 L'Express (fr)...
00:14:25 [INFO] 📥 Mediapart (fr)...
00:14:25 [INFO] 📥 RFI (fr)...
00:14:27 [INFO] 📥 Courrier Inter. (fr)...
00:14:28 [INFO] 📥 La Croix (fr)...
00:14:31 [INFO] 📥 Slate FR (fr)...
00:14:34 [INFO] 📥 BFM TV (fr)...
00:14:35 [WARNING] readability_lxml failed: 
00:14:36 [WARNING] readability_lxml failed: 
00:14:36 [WARNING] readability_lxml failed: 
00:14:36 [WARNING] readability_lxml failed: 
00:14:36 [WARNING] readability_lxml failed: 
00:14:36 [WARNING] readability_lxml failed: 
00:14:37 [WARNING] readability_lxml failed: 
00:14:37 [WARNING] readability_lxml failed: 
00:14:37 [WARNING] readability_lxml failed: 
00:14:38 [WARNING] readability_lxml failed: 
00:14:38 [INFO] 📥 HuffPost FR (fr)...
00:14:38 [WARNING] error in JSON metadata extraction: 'NoneType' object has no attribute 'get'
00:14:38 [WARNING] error in JSON metadata extraction: 'list' object has no attribute 'get'
00:14:38 [INFO] 📥 Al Jazeera AR (ar)...
00:14:45 [INFO] 📥 BBC Arabic (ar)...
00:14:49 [INFO] 📥 RT Arabic (ar)...
