18:00:01 [INFO] ✅ Connecté à news.duckdb local
18:00:01 [INFO] 📥 BBC News (en)...
18:00:10 [INFO] 📥 The Guardian (en)...
18:00:26 [INFO] 📥 Engadget (en)...
18:00:29 [INFO] 📥 TechCrunch (en)...
18:00:32 [INFO] 📥 CNN (en)...
18:01:15 [INFO] 📥 Al Jazeera EN (en)...
18:01:19 [INFO] 📥 NPR (en)...
18:01:20 [INFO] 📥 The Independent (en)...
18:01:26 [INFO] 📥 Vice (en)...
18:01:35 [INFO] 📥 Wired (en)...
18:01:52 [INFO] 📥 Ars Technica (en)...
18:02:04 [INFO] 📥 Le Monde (fr)...
18:02:07 [INFO] 📥 Le Figaro (fr)...
18:02:11 [INFO] 📥 France 24 (fr)...
18:02:16 [INFO] 📥 FranceInfo (fr)...
18:02:22 [INFO] 📥 L'Express (fr)...
18:02:44 [INFO] 📥 Mediapart (fr)...
18:02:46 [INFO] 📥 RFI (fr)...
18:02:48 [INFO] 📥 Courrier Inter. (fr)...
18:02:55 [INFO] 📥 La Croix (fr)...
18:03:00 [INFO] 📥 Slate FR (fr)...
18:03:02 [INFO] 📥 BFM TV (fr)...
18:03:04 [WARNING] readability_lxml failed: 
18:03:05 [WARNING] readability_lxml failed: 
18:03:05 [WARNING] readability_lxml failed: 
18:03:06 [WARNING] readability_lxml failed: 
18:03:06 [INFO] 📥 HuffPost FR (fr)...
18:03:06 [WARNING] error in JSON metadata extraction: 'list' object has no attribute 'get'
18:03:06 [WARNING] error in JSON metadata extraction: 'NoneType' object has no attribute 'get'
18:03:07 [WARNING] error in JSON metadata extraction: 'list' object has no attribute 'get'
18:03:07 [WARNING] error in JSON metadata extraction: 'list' object has no attribute 'get'
18:03:08 [WARNING] error in JSON metadata extraction: 'NoneType' object has no attribute 'get'
18:03:08 [WARNING] error in JSON metadata extraction: 'NoneType' object has no attribute 'get'
18:03:09 [WARNING] error in JSON metadata extraction: 'NoneType' object has no attribute 'get'
18:03:09 [WARNING] error in JSON metadata extraction: 'list' object has no attribute 'get'
18:03:10 [WARNING] error in JSON metadata extraction: 'NoneType' object has no attribute 'get'
18:03:10 [INFO] 📥 Al Jazeera AR (ar)...
18:03:20 [INFO] 📥 BBC Arabic (ar)...
18:03:26 [INFO] 📥 RT Arabic (ar)...
18:04:58 [INFO] 📥 Hespress (ar)...
18:05:00 [INFO] 📥 Al Quds (ar)...
18:05:06 [INFO] 📥 Asharq Al-Awsat (ar)...
18:07:39 [INFO] 📥 Al-Masry Al-Youm (ar)...
18:07:40 [INFO] 📥 Saudi Gazette (ar)...
18:07:46 [INFO] 📥 Okaz (ar)...
18:07:55 [INFO] 📥 Arab News (ar)...
18:07:55 [WARNING] error in JSON metadata extraction: 'NoneType' object is not iterable
18:07:55 [WARNING] error in JSON metadata extraction: 'NoneType' object is not iterable
18:07:56 [WARNING] error in JSON metadata extraction: 'NoneType' object is not iterable
18:07:56 [WARNING] error in JSON metadata extraction: 'NoneType' object is not iterable
18:07:56 [WARNING] error in JSON metadata extraction: 'NoneType' object is not iterable
18:07:56 [WARNING] error in JSON metadata extraction: 'NoneType' object is not iterable
18:07:56 [WARNING] error in JSON metadata extraction: 'NoneType' object is not iterable
18:07:56 [WARNING] error in JSON metadata extraction: 'NoneType' object is not iterable
18:07:56 [WARNING] error in JSON metadata extraction: 'NoneType' object is not iterable
18:07:57 [WARNING] error in JSON metadata extraction: 'NoneType' object is not iterable
18:07:57 [INFO] 
============================================================
18:07:57 [INFO] ✅ TERMINÉ
18:07:57 [INFO]   Sources         : 33
18:07:57 [INFO]   Articles trouvés: 1368
18:07:57 [INFO]   Publiés auj.    : 548
18:07:57 [INFO]   Insérés en DB   : 548
18:07:57 [INFO]   Skippés         : 820
18:07:57 [INFO] ============================================================
