21:27:43 [INFO] ✅ Connecté à news.duckdb local
21:27:43 [INFO] 📥 BBC News (en)...
21:27:48 [INFO] 📥 The Guardian (en)...
21:28:00 [INFO] 📥 Engadget (en)...
21:28:04 [INFO] 📥 TechCrunch (en)...
21:28:06 [INFO] 📥 CNN (en)...
21:29:00 [INFO] 📥 Al Jazeera EN (en)...
21:29:01 [INFO] 📥 NPR (en)...
21:29:01 [INFO] 📥 The Independent (en)...
21:29:05 [INFO] 📥 Vice (en)...
21:29:09 [INFO] 📥 Wired (en)...
21:29:27 [INFO] 📥 Ars Technica (en)...
21:30:04 [INFO] 📥 Le Monde (fr)...
21:30:07 [INFO] 📥 Le Figaro (fr)...
21:30:10 [INFO] 📥 France 24 (fr)...
21:30:10 [INFO] 📥 FranceInfo (fr)...
21:30:11 [INFO] 📥 L'Express (fr)...
21:30:39 [INFO] 📥 Mediapart (fr)...
21:30:40 [INFO] 📥 RFI (fr)...
21:30:41 [INFO] 📥 Courrier Inter. (fr)...
21:30:41 [INFO] 📥 La Croix (fr)...
21:30:46 [INFO] 📥 Slate FR (fr)...
21:30:49 [INFO] 📥 BFM TV (fr)...
21:30:49 [WARNING] readability_lxml failed: 
21:30:49 [WARNING] readability_lxml failed: 
21:30:49 [WARNING] readability_lxml failed: 
21:30:49 [WARNING] readability_lxml failed: 
21:30:50 [WARNING] readability_lxml failed: 
21:30:50 [WARNING] readability_lxml failed: 
21:30:50 [WARNING] readability_lxml failed: 
21:30:50 [WARNING] readability_lxml failed: 
21:30:51 [WARNING] readability_lxml failed: 
21:30:51 [WARNING] readability_lxml failed: 
21:30:51 [INFO] 📥 HuffPost FR (fr)...
21:30:52 [WARNING] error in JSON metadata extraction: 'NoneType' object has no attribute 'get'
21:30:52 [WARNING] error in JSON metadata extraction: 'NoneType' object has no attribute 'get'
21:30:52 [INFO] 📥 Al Jazeera AR (ar)...
21:30:57 [INFO] 📥 BBC Arabic (ar)...
21:31:02 [INFO] 📥 RT Arabic (ar)...
21:32:23 [INFO] 📥 Hespress (ar)...
21:32:24 [INFO] 📥 Al Quds (ar)...
21:32:29 [INFO] 📥 Asharq Al-Awsat (ar)...
21:34:26 [INFO] 📥 Al-Masry Al-Youm (ar)...
21:34:30 [INFO] 📥 Saudi Gazette (ar)...
21:34:37 [INFO] 📥 Okaz (ar)...
21:34:46 [INFO] 📥 Arab News (ar)...
21:34:46 [WARNING] error in JSON metadata extraction: 'NoneType' object is not iterable
21:34:47 [WARNING] error in JSON metadata extraction: 'NoneType' object is not iterable
21:34:47 [WARNING] error in JSON metadata extraction: 'NoneType' object is not iterable
21:34:47 [WARNING] error in JSON metadata extraction: 'NoneType' object is not iterable
21:34:47 [WARNING] error in JSON metadata extraction: 'NoneType' object is not iterable
21:34:47 [WARNING] error in JSON metadata extraction: 'NoneType' object is not iterable
21:34:47 [WARNING] error in JSON metadata extraction: 'NoneType' object is not iterable
21:34:47 [WARNING] error in JSON metadata extraction: 'NoneType' object is not iterable
21:34:48 [WARNING] error in JSON metadata extraction: 'NoneType' object is not iterable
21:34:48 [WARNING] error in JSON metadata extraction: 'NoneType' object is not iterable
21:34:48 [INFO] 
============================================================
21:34:48 [INFO] ✅ TERMINÉ
21:34:48 [INFO]   Sources         : 33
21:34:48 [INFO]   Articles trouvés: 1353
21:34:48 [INFO]   Publiés auj.    : 165
21:34:48 [INFO]   Insérés en DB   : 165
21:34:48 [INFO]   Skippés         : 1188
21:34:48 [INFO] ============================================================
