00:17:37 [INFO] ✅ Connecté à news.duckdb local
00:17:37 [INFO] 📥 BBC News (en)...
00:17:43 [INFO] 📥 The Guardian (en)...
00:17:53 [INFO] 📥 Engadget (en)...
00:17:56 [INFO] 📥 TechCrunch (en)...
00:17:58 [INFO] 📥 CNN (en)...
00:18:35 [INFO] 📥 Al Jazeera EN (en)...
00:18:35 [INFO] 📥 NPR (en)...
00:18:36 [INFO] 📥 The Independent (en)...
00:18:38 [INFO] 📥 Vice (en)...
00:18:39 [INFO] 📥 Wired (en)...
00:18:55 [INFO] 📥 Ars Technica (en)...
00:19:07 [INFO] 📥 Le Monde (fr)...
00:19:10 [INFO] 📥 Le Figaro (fr)...
00:19:12 [INFO] 📥 France 24 (fr)...
00:19:13 [INFO] 📥 FranceInfo (fr)...
00:19:15 [INFO] 📥 L'Express (fr)...
00:19:38 [INFO] 📥 Mediapart (fr)...
00:19:38 [INFO] 📥 RFI (fr)...
00:19:40 [INFO] 📥 Courrier Inter. (fr)...
00:19:41 [INFO] 📥 La Croix (fr)...
00:19:45 [INFO] 📥 Slate FR (fr)...
00:19:47 [INFO] 📥 BFM TV (fr)...
00:19:51 [INFO] 📥 HuffPost FR (fr)...
00:19:52 [WARNING] error in JSON metadata extraction: 'NoneType' object has no attribute 'get'
00:19:52 [WARNING] error in JSON metadata extraction: 'list' object has no attribute 'get'
00:19:52 [INFO] 📥 Al Jazeera AR (ar)...
00:19:57 [INFO] 📥 BBC Arabic (ar)...
00:20:01 [INFO] 📥 RT Arabic (ar)...
00:20:38 [INFO] 📥 Hespress (ar)...
00:20:40 [INFO] 📥 Al Quds (ar)...
00:20:45 [INFO] 📥 Asharq Al-Awsat (ar)...
00:21:17 [INFO] 📥 Al-Masry Al-Youm (ar)...
00:21:17 [INFO] 📥 Saudi Gazette (ar)...
00:21:23 [INFO] 📥 Okaz (ar)...
00:21:34 [INFO] 📥 Arab News (ar)...
00:21:34 [WARNING] error in JSON metadata extraction: 'NoneType' object is not iterable
00:21:35 [WARNING] error in JSON metadata extraction: 'NoneType' object is not iterable
00:21:35 [WARNING] error in JSON metadata extraction: 'NoneType' object is not iterable
00:21:35 [WARNING] error in JSON metadata extraction: 'NoneType' object is not iterable
00:21:35 [WARNING] error in JSON metadata extraction: 'NoneType' object is not iterable
00:21:35 [WARNING] error in JSON metadata extraction: 'NoneType' object is not iterable
00:21:35 [WARNING] error in JSON metadata extraction: 'NoneType' object is not iterable
00:21:36 [WARNING] error in JSON metadata extraction: 'NoneType' object is not iterable
00:21:36 [WARNING] error in JSON metadata extraction: 'NoneType' object is not iterable
00:21:36 [WARNING] error in JSON metadata extraction: 'NoneType' object is not iterable
00:21:36 [INFO] 
============================================================
00:21:36 [INFO] ✅ TERMINÉ
00:21:36 [INFO]   Sources         : 33
00:21:36 [INFO]   Articles trouvés: 1360
00:21:36 [INFO]   Publiés auj.    : 7
00:21:36 [INFO]   Insérés en DB   : 7
00:21:36 [INFO]   Skippés         : 1353
00:21:36 [INFO] ============================================================
