12:00:01 [INFO] ✅ Connecté à news.duckdb local
12:00:01 [INFO] 📥 BBC News (en)...
12:00:10 [INFO] 📥 The Guardian (en)...
12:00:23 [INFO] 📥 Engadget (en)...
12:00:26 [INFO] 📥 TechCrunch (en)...
12:00:28 [INFO] 📥 CNN (en)...
12:01:09 [INFO] 📥 Al Jazeera EN (en)...
12:01:14 [INFO] 📥 NPR (en)...
12:01:17 [INFO] 📥 The Independent (en)...
12:01:20 [INFO] 📥 Vice (en)...
12:01:25 [INFO] 📥 Wired (en)...
12:01:42 [INFO] 📥 Ars Technica (en)...
12:01:55 [INFO] 📥 Le Monde (fr)...
12:01:57 [INFO] 📥 Le Figaro (fr)...
12:02:02 [INFO] 📥 France 24 (fr)...
12:02:09 [INFO] 📥 FranceInfo (fr)...
12:02:18 [INFO] 📥 L'Express (fr)...
12:02:39 [INFO] 📥 Mediapart (fr)...
12:02:41 [INFO] 📥 RFI (fr)...
12:02:46 [INFO] 📥 Courrier Inter. (fr)...
12:02:47 [INFO] 📥 La Croix (fr)...
12:02:51 [INFO] 📥 Slate FR (fr)...
12:02:55 [INFO] 📥 BFM TV (fr)...
12:02:55 [WARNING] readability_lxml failed: 
12:02:55 [WARNING] readability_lxml failed: 
12:02:56 [WARNING] readability_lxml failed: 
12:02:56 [WARNING] readability_lxml failed: 
12:02:57 [WARNING] readability_lxml failed: 
12:02:58 [WARNING] readability_lxml failed: 
12:02:58 [WARNING] readability_lxml failed: 
12:02:59 [WARNING] readability_lxml failed: 
12:02:59 [WARNING] readability_lxml failed: 
12:02:59 [WARNING] readability_lxml failed: 
12:03:00 [WARNING] readability_lxml failed: 
12:03:00 [WARNING] readability_lxml failed: 
12:03:00 [INFO] 📥 HuffPost FR (fr)...
12:03:01 [WARNING] error in JSON metadata extraction: 'list' object has no attribute 'get'
12:03:01 [WARNING] error in JSON metadata extraction: 'list' object has no attribute 'get'
12:03:01 [WARNING] error in JSON metadata extraction: 'NoneType' object has no attribute 'get'
12:03:01 [WARNING] error in JSON metadata extraction: 'list' object has no attribute 'get'
12:03:02 [WARNING] error in JSON metadata extraction: 'NoneType' object has no attribute 'get'
12:03:02 [WARNING] error in JSON metadata extraction: 'list' object has no attribute 'get'
12:03:02 [WARNING] error in JSON metadata extraction: 'list' object has no attribute 'get'
12:03:02 [WARNING] error in JSON metadata extraction: 'list' object has no attribute 'get'
12:03:03 [WARNING] error in JSON metadata extraction: 'NoneType' object has no attribute 'get'
12:03:03 [WARNING] error in JSON metadata extraction: 'NoneType' object has no attribute 'get'
12:03:03 [WARNING] error in JSON metadata extraction: 'list' object has no attribute 'get'
12:03:03 [WARNING] error in JSON metadata extraction: 'NoneType' object has no attribute 'get'
12:03:04 [WARNING] error in JSON metadata extraction: 'NoneType' object has no attribute 'get'
12:03:04 [WARNING] error in JSON metadata extraction: 'NoneType' object has no attribute 'get'
12:03:04 [WARNING] error in JSON metadata extraction: 'list' object has no attribute 'get'
12:03:04 [INFO] 📥 Al Jazeera AR (ar)...
12:03:13 [INFO] 📥 BBC Arabic (ar)...
12:03:19 [INFO] 📥 RT Arabic (ar)...
12:06:34 [INFO] 📥 Hespress (ar)...
12:06:36 [INFO] 📥 Al Quds (ar)...
12:06:40 [INFO] 📥 Asharq Al-Awsat (ar)...
12:08:34 [INFO] 📥 Al-Masry Al-Youm (ar)...
12:08:35 [INFO] 📥 Saudi Gazette (ar)...
12:08:41 [INFO] 📥 Okaz (ar)...
12:08:50 [INFO] 📥 Arab News (ar)...
12:08:50 [WARNING] error in JSON metadata extraction: 'NoneType' object is not iterable
12:08:51 [WARNING] error in JSON metadata extraction: 'NoneType' object is not iterable
12:08:51 [WARNING] error in JSON metadata extraction: 'NoneType' object is not iterable
12:08:51 [WARNING] error in JSON metadata extraction: 'NoneType' object is not iterable
12:08:51 [WARNING] error in JSON metadata extraction: 'NoneType' object is not iterable
12:08:51 [WARNING] error in JSON metadata extraction: 'NoneType' object is not iterable
12:08:51 [WARNING] error in JSON metadata extraction: 'NoneType' object is not iterable
12:08:52 [WARNING] error in JSON metadata extraction: 'NoneType' object is not iterable
12:08:52 [WARNING] error in JSON metadata extraction: 'NoneType' object is not iterable
12:08:52 [WARNING] error in JSON metadata extraction: 'NoneType' object is not iterable
12:08:52 [INFO] 
============================================================
12:08:52 [INFO] ✅ TERMINÉ
12:08:52 [INFO]   Sources         : 33
12:08:52 [INFO]   Articles trouvés: 1360
12:08:52 [INFO]   Publiés auj.    : 360
12:08:52 [INFO]   Insérés en DB   : 360
12:08:52 [INFO]   Skippés         : 1000
12:08:52 [INFO] ============================================================
