21:40:21 [INFO] ✅ Connecté à news.duckdb local
21:40:21 [INFO] 📥 BBC News (en)...
21:40:25 [INFO] 📥 The Guardian (en)...
21:40:36 [INFO] 📥 Engadget (en)...
21:40:39 [INFO] 📥 TechCrunch (en)...
21:40:42 [INFO] 📥 CNN (en)...
21:41:17 [INFO] 📥 Al Jazeera EN (en)...
21:41:17 [INFO] 📥 NPR (en)...
21:41:18 [INFO] 📥 The Independent (en)...
21:41:20 [INFO] 📥 Vice (en)...
21:41:21 [INFO] 📥 Wired (en)...
21:41:38 [INFO] 📥 Ars Technica (en)...
21:41:55 [INFO] 📥 Le Monde (fr)...
21:41:58 [INFO] 📥 Le Figaro (fr)...
21:41:59 [INFO] 📥 France 24 (fr)...
21:41:59 [INFO] 📥 FranceInfo (fr)...
21:42:00 [INFO] 📥 L'Express (fr)...
21:42:25 [INFO] 📥 Mediapart (fr)...
21:42:25 [INFO] 📥 RFI (fr)...
21:42:26 [INFO] 📥 Courrier Inter. (fr)...
21:42:27 [INFO] 📥 La Croix (fr)...
21:42:30 [INFO] 📥 Slate FR (fr)...
21:42:33 [INFO] 📥 BFM TV (fr)...
21:42:34 [WARNING] readability_lxml failed: 
21:42:34 [INFO] 📥 HuffPost FR (fr)...
21:42:34 [INFO] 📥 Al Jazeera AR (ar)...
21:42:34 [INFO] 📥 BBC Arabic (ar)...
21:42:38 [INFO] 📥 RT Arabic (ar)...
21:42:44 [INFO] 📥 Hespress (ar)...
21:42:44 [INFO] 📥 Al Quds (ar)...
21:42:45 [INFO] 📥 Asharq Al-Awsat (ar)...
21:43:14 [INFO] 📥 Al-Masry Al-Youm (ar)...
21:43:14 [INFO] 📥 Saudi Gazette (ar)...
21:43:19 [INFO] 📥 Okaz (ar)...
21:43:28 [INFO] 📥 Arab News (ar)...
21:43:29 [WARNING] error in JSON metadata extraction: 'NoneType' object is not iterable
21:43:29 [WARNING] error in JSON metadata extraction: 'NoneType' object is not iterable
21:43:29 [WARNING] error in JSON metadata extraction: 'NoneType' object is not iterable
21:43:29 [WARNING] error in JSON metadata extraction: 'NoneType' object is not iterable
21:43:29 [WARNING] error in JSON metadata extraction: 'NoneType' object is not iterable
21:43:29 [WARNING] error in JSON metadata extraction: 'NoneType' object is not iterable
21:43:29 [WARNING] error in JSON metadata extraction: 'NoneType' object is not iterable
21:43:30 [WARNING] error in JSON metadata extraction: 'NoneType' object is not iterable
21:43:30 [WARNING] error in JSON metadata extraction: 'NoneType' object is not iterable
21:43:30 [WARNING] error in JSON metadata extraction: 'NoneType' object is not iterable
21:43:30 [INFO] 
============================================================
21:43:30 [INFO] ✅ TERMINÉ
21:43:30 [INFO]   Sources         : 33
21:43:30 [INFO]   Articles trouvés: 1357
21:43:30 [INFO]   Publiés auj.    : 9
21:43:30 [INFO]   Insérés en DB   : 9
21:43:30 [INFO]   Skippés         : 1348
21:43:30 [INFO] ============================================================
