06:00:01 [INFO] ✅ Connecté à news.duckdb local
06:00:01 [INFO] 📥 BBC News (en)...
06:00:09 [INFO] 📥 The Guardian (en)...
06:00:20 [INFO] 📥 Engadget (en)...
06:00:23 [INFO] 📥 TechCrunch (en)...
06:00:25 [INFO] 📥 CNN (en)...
06:01:08 [INFO] 📥 Al Jazeera EN (en)...
06:01:10 [INFO] 📥 NPR (en)...
06:01:10 [INFO] 📥 The Independent (en)...
06:01:12 [INFO] 📥 Vice (en)...
06:01:15 [INFO] 📥 Wired (en)...
06:01:31 [INFO] 📥 Ars Technica (en)...
06:01:43 [INFO] 📥 Le Monde (fr)...
06:01:46 [INFO] 📥 Le Figaro (fr)...
06:01:49 [INFO] 📥 France 24 (fr)...
06:01:53 [INFO] 📥 FranceInfo (fr)...
06:01:55 [INFO] 📥 L'Express (fr)...
06:02:16 [INFO] 📥 Mediapart (fr)...
06:02:16 [INFO] 📥 RFI (fr)...
06:02:20 [INFO] 📥 Courrier Inter. (fr)...
06:02:22 [INFO] 📥 La Croix (fr)...
06:02:25 [INFO] 📥 Slate FR (fr)...
06:02:28 [INFO] 📥 BFM TV (fr)...
06:02:31 [INFO] 📥 HuffPost FR (fr)...
06:02:32 [WARNING] error in JSON metadata extraction: 'NoneType' object has no attribute 'get'
06:02:32 [WARNING] error in JSON metadata extraction: 'list' object has no attribute 'get'
06:02:32 [INFO] 📥 Al Jazeera AR (ar)...
06:02:38 [INFO] 📥 BBC Arabic (ar)...
06:02:43 [INFO] 📥 RT Arabic (ar)...
06:04:30 [INFO] 📥 Hespress (ar)...
06:04:32 [INFO] 📥 Al Quds (ar)...
06:04:38 [INFO] 📥 Asharq Al-Awsat (ar)...
06:05:14 [INFO] 📥 Al-Masry Al-Youm (ar)...
06:05:14 [INFO] 📥 Saudi Gazette (ar)...
06:05:23 [INFO] 📥 Okaz (ar)...
06:05:32 [INFO] 📥 Arab News (ar)...
06:05:32 [WARNING] error in JSON metadata extraction: 'NoneType' object is not iterable
06:05:32 [WARNING] error in JSON metadata extraction: 'NoneType' object is not iterable
06:05:32 [WARNING] error in JSON metadata extraction: 'NoneType' object is not iterable
06:05:32 [WARNING] error in JSON metadata extraction: 'NoneType' object is not iterable
06:05:32 [WARNING] error in JSON metadata extraction: 'NoneType' object is not iterable
06:05:33 [WARNING] error in JSON metadata extraction: 'NoneType' object is not iterable
06:05:33 [WARNING] error in JSON metadata extraction: 'NoneType' object is not iterable
06:05:33 [WARNING] error in JSON metadata extraction: 'NoneType' object is not iterable
06:05:33 [WARNING] error in JSON metadata extraction: 'NoneType' object is not iterable
06:05:33 [WARNING] error in JSON metadata extraction: 'NoneType' object is not iterable
06:05:33 [INFO] 
============================================================
06:05:33 [INFO] ✅ TERMINÉ
06:05:33 [INFO]   Sources         : 33
06:05:33 [INFO]   Articles trouvés: 1361
06:05:33 [INFO]   Publiés auj.    : 110
06:05:33 [INFO]   Insérés en DB   : 110
06:05:33 [INFO]   Skippés         : 1251
06:05:33 [INFO] ============================================================
