00:00:01 [INFO] ✅ Connecté à news.duckdb local
00:00:01 [INFO] 📥 BBC News (en)...
00:00:07 [INFO] 📥 The Guardian (en)...
00:00:17 [INFO] 📥 Engadget (en)...
00:00:20 [INFO] 📥 TechCrunch (en)...
00:00:22 [INFO] 📥 CNN (en)...
00:00:59 [INFO] 📥 Al Jazeera EN (en)...
00:01:00 [INFO] 📥 NPR (en)...
00:01:01 [INFO] 📥 The Independent (en)...
00:01:03 [INFO] 📥 Vice (en)...
00:01:05 [INFO] 📥 Wired (en)...
00:01:22 [INFO] 📥 Ars Technica (en)...
00:01:34 [INFO] 📥 Le Monde (fr)...
00:01:37 [INFO] 📥 Le Figaro (fr)...
00:01:40 [INFO] 📥 France 24 (fr)...
00:01:41 [INFO] 📥 FranceInfo (fr)...
00:01:43 [INFO] 📥 L'Express (fr)...
00:02:08 [INFO] 📥 Mediapart (fr)...
00:02:08 [INFO] 📥 RFI (fr)...
00:02:11 [INFO] 📥 Courrier Inter. (fr)...
00:02:12 [INFO] 📥 La Croix (fr)...
00:02:15 [INFO] 📥 Slate FR (fr)...
00:02:18 [INFO] 📥 BFM TV (fr)...
00:02:19 [WARNING] readability_lxml failed: 
00:02:20 [WARNING] readability_lxml failed: 
00:02:20 [WARNING] readability_lxml failed: 
00:02:20 [WARNING] readability_lxml failed: 
00:02:20 [WARNING] readability_lxml failed: 
00:02:20 [WARNING] readability_lxml failed: 
00:02:20 [WARNING] readability_lxml failed: 
00:02:21 [WARNING] readability_lxml failed: 
00:02:21 [WARNING] readability_lxml failed: 
00:02:21 [WARNING] readability_lxml failed: 
00:02:21 [WARNING] readability_lxml failed: 
00:02:22 [WARNING] readability_lxml failed: 
00:02:22 [WARNING] readability_lxml failed: 
00:02:22 [INFO] 📥 HuffPost FR (fr)...
00:02:22 [WARNING] error in JSON metadata extraction: 'NoneType' object has no attribute 'get'
00:02:23 [WARNING] error in JSON metadata extraction: 'list' object has no attribute 'get'
00:02:23 [INFO] 📥 Al Jazeera AR (ar)...
00:02:28 [INFO] 📥 BBC Arabic (ar)...
00:02:31 [INFO] 📥 RT Arabic (ar)...
00:04:55 [INFO] 📥 Hespress (ar)...
00:04:56 [INFO] 📥 Al Quds (ar)...
00:05:01 [INFO] 📥 Asharq Al-Awsat (ar)...
00:05:35 [INFO] 📥 Al-Masry Al-Youm (ar)...
00:05:35 [INFO] 📥 Saudi Gazette (ar)...
00:05:40 [INFO] 📥 Okaz (ar)...
00:05:49 [INFO] 📥 Arab News (ar)...
00:05:49 [WARNING] error in JSON metadata extraction: 'NoneType' object is not iterable
00:05:50 [WARNING] error in JSON metadata extraction: 'NoneType' object is not iterable
00:05:50 [WARNING] error in JSON metadata extraction: 'NoneType' object is not iterable
00:05:50 [WARNING] error in JSON metadata extraction: 'NoneType' object is not iterable
00:05:50 [WARNING] error in JSON metadata extraction: 'NoneType' object is not iterable
00:05:50 [WARNING] error in JSON metadata extraction: 'NoneType' object is not iterable
00:05:50 [WARNING] error in JSON metadata extraction: 'NoneType' object is not iterable
00:05:50 [WARNING] error in JSON metadata extraction: 'NoneType' object is not iterable
00:05:51 [WARNING] error in JSON metadata extraction: 'NoneType' object is not iterable
00:05:51 [WARNING] error in JSON metadata extraction: 'NoneType' object is not iterable
00:05:51 [INFO] 
============================================================
00:05:51 [INFO] ✅ TERMINÉ
00:05:51 [INFO]   Sources         : 33
00:05:51 [INFO]   Articles trouvés: 1362
00:05:51 [INFO]   Publiés auj.    : 4
00:05:51 [INFO]   Insérés en DB   : 4
00:05:51 [INFO]   Skippés         : 1358
00:05:51 [INFO] ============================================================
